0 info it worked if it ends with ok
1 verbose cli [ 'C:\\Program Files\\nodejs\\node.exe',
1 verbose cli   'C:\\Program Files\\nodejs\\node_modules\\npm\\bin\\npm-cli.js',
1 verbose cli   'install',
1 verbose cli   'webworker-threads' ]
2 info using npm@3.10.3
3 info using node@v6.3.1
4 verbose config Skipping project config: C:\Users\bboyj/.npmrc. (matches userconfig)
5 silly loadCurrentTree Starting
6 silly install loadCurrentTree
7 silly install readLocalPackageData
8 silly fetchPackageMetaData webworker-threads
9 silly fetchNamedPackageData webworker-threads
10 silly mapToRegistry name webworker-threads
11 silly mapToRegistry using default registry
12 silly mapToRegistry registry https://registry.npmjs.org/
13 silly mapToRegistry data Result {
13 silly mapToRegistry   raw: 'webworker-threads',
13 silly mapToRegistry   scope: null,
13 silly mapToRegistry   escapedName: 'webworker-threads',
13 silly mapToRegistry   name: 'webworker-threads',
13 silly mapToRegistry   rawSpec: '',
13 silly mapToRegistry   spec: 'latest',
13 silly mapToRegistry   type: 'tag' }
14 silly mapToRegistry uri https://registry.npmjs.org/webworker-threads
15 verbose request uri https://registry.npmjs.org/webworker-threads
16 verbose request no auth needed
17 info attempt registry request try #1 at 02:25:39
18 verbose request id 30b2d29a966ae2b7
19 verbose etag W/"581caebe-1dc70"
20 verbose lastModified Fri, 04 Nov 2016 15:52:30 GMT
21 http request GET https://registry.npmjs.org/webworker-threads
22 http 304 https://registry.npmjs.org/webworker-threads
23 verbose headers { date: 'Mon, 14 Nov 2016 08:25:45 GMT',
23 verbose headers   via: '1.1 varnish',
23 verbose headers   'cache-control': 'max-age=300',
23 verbose headers   etag: 'W/"581caebe-1dc70"',
23 verbose headers   age: '61',
23 verbose headers   connection: 'keep-alive',
23 verbose headers   'x-served-by': 'cache-gru7125-GRU',
23 verbose headers   'x-cache': 'HIT',
23 verbose headers   'x-cache-hits': '1',
23 verbose headers   'x-timer': 'S1479111945.869192,VS0,VE0',
23 verbose headers   vary: 'Accept-Encoding' }
24 silly get cb [ 304,
24 silly get   { date: 'Mon, 14 Nov 2016 08:25:45 GMT',
24 silly get     via: '1.1 varnish',
24 silly get     'cache-control': 'max-age=300',
24 silly get     etag: 'W/"581caebe-1dc70"',
24 silly get     age: '61',
24 silly get     connection: 'keep-alive',
24 silly get     'x-served-by': 'cache-gru7125-GRU',
24 silly get     'x-cache': 'HIT',
24 silly get     'x-cache-hits': '1',
24 silly get     'x-timer': 'S1479111945.869192,VS0,VE0',
24 silly get     vary: 'Accept-Encoding' } ]
25 verbose etag https://registry.npmjs.org/webworker-threads from cache
26 verbose get saving webworker-threads to C:\Users\bboyj\AppData\Roaming\npm-cache\registry.npmjs.org\webworker-threads\.cache.json
27 verbose correctMkdir C:\Users\bboyj\AppData\Roaming\npm-cache correctMkdir not in flight; initializing
28 silly install normalizeTree
29 silly loadCurrentTree Finishing
30 silly loadIdealTree Starting
31 silly install loadIdealTree
32 silly cloneCurrentTree Starting
33 silly install cloneCurrentTreeToIdealTree
34 silly cloneCurrentTree Finishing
35 silly loadShrinkwrap Starting
36 silly install loadShrinkwrap
37 silly loadShrinkwrap Finishing
38 silly loadAllDepsIntoIdealTree Starting
39 silly install loadAllDepsIntoIdealTree
40 silly resolveWithNewModule webworker-threads@0.7.8 checking installable status
41 silly cache add args [ 'webworker-threads', null ]
42 verbose cache add spec webworker-threads
43 silly cache add parsed spec Result {
43 silly cache add   raw: 'webworker-threads',
43 silly cache add   scope: null,
43 silly cache add   escapedName: 'webworker-threads',
43 silly cache add   name: 'webworker-threads',
43 silly cache add   rawSpec: '',
43 silly cache add   spec: 'latest',
43 silly cache add   type: 'tag' }
44 silly addNamed webworker-threads@latest
45 verbose addNamed "latest" is being treated as a dist-tag for webworker-threads
46 info addNameTag [ 'webworker-threads', 'latest' ]
47 silly mapToRegistry name webworker-threads
48 silly mapToRegistry using default registry
49 silly mapToRegistry registry https://registry.npmjs.org/
50 silly mapToRegistry data Result {
50 silly mapToRegistry   raw: 'webworker-threads',
50 silly mapToRegistry   scope: null,
50 silly mapToRegistry   escapedName: 'webworker-threads',
50 silly mapToRegistry   name: 'webworker-threads',
50 silly mapToRegistry   rawSpec: '',
50 silly mapToRegistry   spec: 'latest',
50 silly mapToRegistry   type: 'tag' }
51 silly mapToRegistry uri https://registry.npmjs.org/webworker-threads
52 verbose addNameTag registry:https://registry.npmjs.org/webworker-threads not in flight; fetching
53 verbose get https://registry.npmjs.org/webworker-threads not expired, no request
54 silly addNameTag next cb for webworker-threads with tag latest
55 silly addNamed webworker-threads@0.7.8
56 verbose addNamed "0.7.8" is a plain semver version for webworker-threads
57 silly cache afterAdd webworker-threads@0.7.8
58 verbose afterAdd C:\Users\bboyj\AppData\Roaming\npm-cache\webworker-threads\0.7.8\package\package.json not in flight; writing
59 verbose correctMkdir C:\Users\bboyj\AppData\Roaming\npm-cache correctMkdir not in flight; initializing
60 verbose afterAdd C:\Users\bboyj\AppData\Roaming\npm-cache\webworker-threads\0.7.8\package\package.json written
61 silly fetchNamedPackageData bindings
62 silly mapToRegistry name bindings
63 silly mapToRegistry using default registry
64 silly mapToRegistry registry https://registry.npmjs.org/
65 silly mapToRegistry data Result {
65 silly mapToRegistry   raw: 'bindings',
65 silly mapToRegistry   scope: null,
65 silly mapToRegistry   escapedName: 'bindings',
65 silly mapToRegistry   name: 'bindings',
65 silly mapToRegistry   rawSpec: '',
65 silly mapToRegistry   spec: 'latest',
65 silly mapToRegistry   type: 'tag' }
66 silly mapToRegistry uri https://registry.npmjs.org/bindings
67 silly fetchNamedPackageData nan
68 silly mapToRegistry name nan
69 silly mapToRegistry using default registry
70 silly mapToRegistry registry https://registry.npmjs.org/
71 silly mapToRegistry data Result {
71 silly mapToRegistry   raw: 'nan',
71 silly mapToRegistry   scope: null,
71 silly mapToRegistry   escapedName: 'nan',
71 silly mapToRegistry   name: 'nan',
71 silly mapToRegistry   rawSpec: '',
71 silly mapToRegistry   spec: 'latest',
71 silly mapToRegistry   type: 'tag' }
72 silly mapToRegistry uri https://registry.npmjs.org/nan
73 verbose request uri https://registry.npmjs.org/bindings
74 verbose request no auth needed
75 info attempt registry request try #1 at 02:25:40
76 verbose etag W/"580645d3-46f7"
77 verbose lastModified Tue, 18 Oct 2016 15:54:59 GMT
78 http request GET https://registry.npmjs.org/bindings
79 verbose request uri https://registry.npmjs.org/nan
80 verbose request no auth needed
81 info attempt registry request try #1 at 02:25:40
82 verbose etag W/"5818d749-1ce1e"
83 verbose lastModified Tue, 01 Nov 2016 17:56:25 GMT
84 http request GET https://registry.npmjs.org/nan
85 http 304 https://registry.npmjs.org/bindings
86 verbose headers { date: 'Mon, 14 Nov 2016 08:25:46 GMT',
86 verbose headers   via: '1.1 varnish',
86 verbose headers   'cache-control': 'max-age=300',
86 verbose headers   etag: 'W/"580645d3-46f7"',
86 verbose headers   age: '222',
86 verbose headers   connection: 'keep-alive',
86 verbose headers   'x-served-by': 'cache-gru7125-GRU',
86 verbose headers   'x-cache': 'HIT',
86 verbose headers   'x-cache-hits': '1',
86 verbose headers   'x-timer': 'S1479111946.215493,VS0,VE0',
86 verbose headers   vary: 'Accept-Encoding' }
87 silly get cb [ 304,
87 silly get   { date: 'Mon, 14 Nov 2016 08:25:46 GMT',
87 silly get     via: '1.1 varnish',
87 silly get     'cache-control': 'max-age=300',
87 silly get     etag: 'W/"580645d3-46f7"',
87 silly get     age: '222',
87 silly get     connection: 'keep-alive',
87 silly get     'x-served-by': 'cache-gru7125-GRU',
87 silly get     'x-cache': 'HIT',
87 silly get     'x-cache-hits': '1',
87 silly get     'x-timer': 'S1479111946.215493,VS0,VE0',
87 silly get     vary: 'Accept-Encoding' } ]
88 verbose etag https://registry.npmjs.org/bindings from cache
89 verbose get saving bindings to C:\Users\bboyj\AppData\Roaming\npm-cache\registry.npmjs.org\bindings\.cache.json
90 verbose correctMkdir C:\Users\bboyj\AppData\Roaming\npm-cache correctMkdir not in flight; initializing
91 silly resolveWithNewModule bindings@1.2.1 checking installable status
92 silly cache add args [ 'bindings@^1.2.1', null ]
93 verbose cache add spec bindings@^1.2.1
94 silly cache add parsed spec Result {
94 silly cache add   raw: 'bindings@^1.2.1',
94 silly cache add   scope: null,
94 silly cache add   escapedName: 'bindings',
94 silly cache add   name: 'bindings',
94 silly cache add   rawSpec: '^1.2.1',
94 silly cache add   spec: '>=1.2.1 <2.0.0',
94 silly cache add   type: 'range' }
95 silly addNamed bindings@>=1.2.1 <2.0.0
96 verbose addNamed ">=1.2.1 <2.0.0" is a valid semver range for bindings
97 silly addNameRange { name: 'bindings', range: '>=1.2.1 <2.0.0', hasData: false }
98 silly mapToRegistry name bindings
99 silly mapToRegistry using default registry
100 silly mapToRegistry registry https://registry.npmjs.org/
101 silly mapToRegistry data Result {
101 silly mapToRegistry   raw: 'bindings',
101 silly mapToRegistry   scope: null,
101 silly mapToRegistry   escapedName: 'bindings',
101 silly mapToRegistry   name: 'bindings',
101 silly mapToRegistry   rawSpec: '',
101 silly mapToRegistry   spec: 'latest',
101 silly mapToRegistry   type: 'tag' }
102 silly mapToRegistry uri https://registry.npmjs.org/bindings
103 verbose addNameRange registry:https://registry.npmjs.org/bindings not in flight; fetching
104 verbose get https://registry.npmjs.org/bindings not expired, no request
105 silly addNameRange number 2 { name: 'bindings', range: '>=1.2.1 <2.0.0', hasData: true }
106 silly addNameRange versions [ 'bindings',
106 silly addNameRange   [ '0.0.1',
106 silly addNameRange     '0.1.0',
106 silly addNameRange     '0.1.1',
106 silly addNameRange     '0.2.0',
106 silly addNameRange     '0.2.1',
106 silly addNameRange     '0.2.2',
106 silly addNameRange     '0.2.3',
106 silly addNameRange     '0.2.4',
106 silly addNameRange     '0.3.0',
106 silly addNameRange     '0.4.0',
106 silly addNameRange     '1.0.0',
106 silly addNameRange     '1.1.0',
106 silly addNameRange     '1.1.1',
106 silly addNameRange     '1.2.0',
106 silly addNameRange     '1.2.1' ] ]
107 silly addNamed bindings@1.2.1
108 verbose addNamed "1.2.1" is a plain semver version for bindings
109 silly cache afterAdd bindings@1.2.1
110 verbose afterAdd C:\Users\bboyj\AppData\Roaming\npm-cache\bindings\1.2.1\package\package.json not in flight; writing
111 verbose correctMkdir C:\Users\bboyj\AppData\Roaming\npm-cache correctMkdir not in flight; initializing
112 verbose afterAdd C:\Users\bboyj\AppData\Roaming\npm-cache\bindings\1.2.1\package\package.json written
113 http 304 https://registry.npmjs.org/nan
114 verbose headers { date: 'Mon, 14 Nov 2016 08:25:46 GMT',
114 verbose headers   via: '1.1 varnish',
114 verbose headers   'cache-control': 'max-age=300',
114 verbose headers   etag: 'W/"5818d749-1ce1e"',
114 verbose headers   age: '0',
114 verbose headers   connection: 'keep-alive',
114 verbose headers   'x-served-by': 'cache-gru7122-GRU',
114 verbose headers   'x-cache': 'HIT',
114 verbose headers   'x-cache-hits': '1',
114 verbose headers   'x-timer': 'S1479111946.565805,VS0,VE775',
114 verbose headers   vary: 'Accept-Encoding' }
115 silly get cb [ 304,
115 silly get   { date: 'Mon, 14 Nov 2016 08:25:46 GMT',
115 silly get     via: '1.1 varnish',
115 silly get     'cache-control': 'max-age=300',
115 silly get     etag: 'W/"5818d749-1ce1e"',
115 silly get     age: '0',
115 silly get     connection: 'keep-alive',
115 silly get     'x-served-by': 'cache-gru7122-GRU',
115 silly get     'x-cache': 'HIT',
115 silly get     'x-cache-hits': '1',
115 silly get     'x-timer': 'S1479111946.565805,VS0,VE775',
115 silly get     vary: 'Accept-Encoding' } ]
116 verbose etag https://registry.npmjs.org/nan from cache
117 verbose get saving nan to C:\Users\bboyj\AppData\Roaming\npm-cache\registry.npmjs.org\nan\.cache.json
118 verbose correctMkdir C:\Users\bboyj\AppData\Roaming\npm-cache correctMkdir not in flight; initializing
119 silly resolveWithNewModule nan@2.4.0 checking installable status
120 silly cache add args [ 'nan@^2.3.3', null ]
121 verbose cache add spec nan@^2.3.3
122 silly cache add parsed spec Result {
122 silly cache add   raw: 'nan@^2.3.3',
122 silly cache add   scope: null,
122 silly cache add   escapedName: 'nan',
122 silly cache add   name: 'nan',
122 silly cache add   rawSpec: '^2.3.3',
122 silly cache add   spec: '>=2.3.3 <3.0.0',
122 silly cache add   type: 'range' }
123 silly addNamed nan@>=2.3.3 <3.0.0
124 verbose addNamed ">=2.3.3 <3.0.0" is a valid semver range for nan
125 silly addNameRange { name: 'nan', range: '>=2.3.3 <3.0.0', hasData: false }
126 silly mapToRegistry name nan
127 silly mapToRegistry using default registry
128 silly mapToRegistry registry https://registry.npmjs.org/
129 silly mapToRegistry data Result {
129 silly mapToRegistry   raw: 'nan',
129 silly mapToRegistry   scope: null,
129 silly mapToRegistry   escapedName: 'nan',
129 silly mapToRegistry   name: 'nan',
129 silly mapToRegistry   rawSpec: '',
129 silly mapToRegistry   spec: 'latest',
129 silly mapToRegistry   type: 'tag' }
130 silly mapToRegistry uri https://registry.npmjs.org/nan
131 verbose addNameRange registry:https://registry.npmjs.org/nan not in flight; fetching
132 verbose get https://registry.npmjs.org/nan not expired, no request
133 silly addNameRange number 2 { name: 'nan', range: '>=2.3.3 <3.0.0', hasData: true }
134 silly addNameRange versions [ 'nan',
134 silly addNameRange   [ '0.3.0-wip',
134 silly addNameRange     '0.3.0-wip2',
134 silly addNameRange     '0.3.0',
134 silly addNameRange     '0.3.1',
134 silly addNameRange     '0.3.2',
134 silly addNameRange     '0.4.0',
134 silly addNameRange     '0.4.1',
134 silly addNameRange     '0.4.2',
134 silly addNameRange     '0.4.3',
134 silly addNameRange     '0.4.4',
134 silly addNameRange     '0.5.0',
134 silly addNameRange     '0.5.1',
134 silly addNameRange     '0.5.2',
134 silly addNameRange     '0.6.0',
134 silly addNameRange     '0.7.0',
134 silly addNameRange     '0.7.1',
134 silly addNameRange     '0.8.0',
134 silly addNameRange     '1.0.0',
134 silly addNameRange     '1.1.0',
134 silly addNameRange     '1.1.1',
134 silly addNameRange     '1.1.2',
134 silly addNameRange     '1.2.0',
134 silly addNameRange     '1.3.0',
134 silly addNameRange     '1.4.0',
134 silly addNameRange     '1.4.1',
134 silly addNameRange     '1.5.0',
134 silly addNameRange     '1.4.2',
134 silly addNameRange     '1.4.3',
134 silly addNameRange     '1.5.1',
134 silly addNameRange     '1.5.2',
134 silly addNameRange     '1.6.0',
134 silly addNameRange     '1.5.3',
134 silly addNameRange     '1.6.1',
134 silly addNameRange     '1.6.2',
134 silly addNameRange     '1.7.0',
134 silly addNameRange     '1.8.0',
134 silly addNameRange     '1.8.1',
134 silly addNameRange     '1.8.2',
134 silly addNameRange     '1.8.3',
134 silly addNameRange     '1.8.4',
134 silly addNameRange     '1.9.0',
134 silly addNameRange     '2.0.0',
134 silly addNameRange     '2.0.1',
134 silly addNameRange     '2.0.2',
134 silly addNameRange     '2.0.3',
134 silly addNameRange     '2.0.4',
134 silly addNameRange     '2.0.5',
134 silly addNameRange     '2.0.6',
134 silly addNameRange     '2.0.7',
134 silly addNameRange     '2.0.8',
134 silly addNameRange     '2.0.9',
134 silly addNameRange     '2.1.0',
134 silly addNameRange     '2.2.0',
134 silly addNameRange     '2.2.1',
134 silly addNameRange     '2.3.0',
134 silly addNameRange     '2.3.1',
134 silly addNameRange     '2.3.2',
134 silly addNameRange     '2.3.3',
134 silly addNameRange     '2.3.4',
134 silly addNameRange     '2.3.5',
134 silly addNameRange     '2.4.0' ] ]
135 silly addNamed nan@2.4.0
136 verbose addNamed "2.4.0" is a plain semver version for nan
137 silly cache afterAdd nan@2.4.0
138 verbose afterAdd C:\Users\bboyj\AppData\Roaming\npm-cache\nan\2.4.0\package\package.json not in flight; writing
139 verbose correctMkdir C:\Users\bboyj\AppData\Roaming\npm-cache correctMkdir not in flight; initializing
140 verbose afterAdd C:\Users\bboyj\AppData\Roaming\npm-cache\nan\2.4.0\package\package.json written
141 silly loadAllDepsIntoIdealTree Finishing
142 silly loadIdealTree Finishing
143 silly currentTree bboyj
143 silly currentTree +-- accepts@1.3.3
143 silly currentTree +-- array-flatten@1.1.1
143 silly currentTree +-- content-disposition@0.5.1
143 silly currentTree +-- content-type@1.0.2
143 silly currentTree +-- cookie-signature@1.0.6
143 silly currentTree +-- cookie@0.3.1
143 silly currentTree +-- debug@2.2.0
143 silly currentTree +-- depd@1.1.0
143 silly currentTree +-- destroy@1.0.4
143 silly currentTree +-- ee-first@1.1.1
143 silly currentTree +-- encodeurl@1.0.1
143 silly currentTree +-- escape-html@1.0.3
143 silly currentTree +-- etag@1.7.0
143 silly currentTree +-- express@4.14.0
143 silly currentTree +-- finalhandler@0.5.0
143 silly currentTree +-- forwarded@0.1.0
143 silly currentTree +-- fresh@0.3.0
143 silly currentTree +-- http-errors@1.5.0
143 silly currentTree +-- inherits@2.0.1
143 silly currentTree +-- ipaddr.js@1.1.1
143 silly currentTree +-- media-typer@0.3.0
143 silly currentTree +-- merge-descriptors@1.0.1
143 silly currentTree +-- methods@1.1.2
143 silly currentTree +-- mime-db@1.23.0
143 silly currentTree +-- mime-types@2.1.11
143 silly currentTree +-- mime@1.3.4
143 silly currentTree +-- ms@0.7.1
143 silly currentTree +-- negotiator@0.6.1
143 silly currentTree +-- on-finished@2.3.0
143 silly currentTree +-- parseurl@1.3.1
143 silly currentTree +-- path-to-regexp@0.1.7
143 silly currentTree +-- proxy-addr@1.1.2
143 silly currentTree +-- qs@6.2.0
143 silly currentTree +-- range-parser@1.2.0
143 silly currentTree +-- send@0.14.1
143 silly currentTree +-- serve-static@1.11.1
143 silly currentTree +-- setprototypeof@1.0.1
143 silly currentTree +-- statuses@1.3.0
143 silly currentTree +-- type-is@1.6.13
143 silly currentTree +-- unpipe@1.0.0
143 silly currentTree +-- utils-merge@1.0.0
143 silly currentTree `-- vary@1.1.0
144 silly idealTree bboyj
144 silly idealTree +-- accepts@1.3.3
144 silly idealTree +-- array-flatten@1.1.1
144 silly idealTree +-- bindings@1.2.1
144 silly idealTree +-- content-disposition@0.5.1
144 silly idealTree +-- content-type@1.0.2
144 silly idealTree +-- cookie-signature@1.0.6
144 silly idealTree +-- cookie@0.3.1
144 silly idealTree +-- debug@2.2.0
144 silly idealTree +-- depd@1.1.0
144 silly idealTree +-- destroy@1.0.4
144 silly idealTree +-- ee-first@1.1.1
144 silly idealTree +-- encodeurl@1.0.1
144 silly idealTree +-- escape-html@1.0.3
144 silly idealTree +-- etag@1.7.0
144 silly idealTree +-- express@4.14.0
144 silly idealTree +-- finalhandler@0.5.0
144 silly idealTree +-- forwarded@0.1.0
144 silly idealTree +-- fresh@0.3.0
144 silly idealTree +-- http-errors@1.5.0
144 silly idealTree +-- inherits@2.0.1
144 silly idealTree +-- ipaddr.js@1.1.1
144 silly idealTree +-- media-typer@0.3.0
144 silly idealTree +-- merge-descriptors@1.0.1
144 silly idealTree +-- methods@1.1.2
144 silly idealTree +-- mime-db@1.23.0
144 silly idealTree +-- mime-types@2.1.11
144 silly idealTree +-- mime@1.3.4
144 silly idealTree +-- ms@0.7.1
144 silly idealTree +-- nan@2.4.0
144 silly idealTree +-- negotiator@0.6.1
144 silly idealTree +-- on-finished@2.3.0
144 silly idealTree +-- parseurl@1.3.1
144 silly idealTree +-- path-to-regexp@0.1.7
144 silly idealTree +-- proxy-addr@1.1.2
144 silly idealTree +-- qs@6.2.0
144 silly idealTree +-- range-parser@1.2.0
144 silly idealTree +-- send@0.14.1
144 silly idealTree +-- serve-static@1.11.1
144 silly idealTree +-- setprototypeof@1.0.1
144 silly idealTree +-- statuses@1.3.0
144 silly idealTree +-- type-is@1.6.13
144 silly idealTree +-- unpipe@1.0.0
144 silly idealTree +-- utils-merge@1.0.0
144 silly idealTree +-- vary@1.1.0
144 silly idealTree `-- webworker-threads@0.7.8
145 silly generateActionsToTake Starting
146 silly install generateActionsToTake
147 silly generateActionsToTake Finishing
148 silly diffTrees action count 3
149 silly diffTrees add bindings@1.2.1
150 silly diffTrees add nan@2.4.0
151 silly diffTrees add webworker-threads@0.7.8
152 silly decomposeActions action count 24
153 silly decomposeActions fetch bindings@1.2.1
154 silly decomposeActions extract bindings@1.2.1
155 silly decomposeActions test bindings@1.2.1
156 silly decomposeActions preinstall bindings@1.2.1
157 silly decomposeActions build bindings@1.2.1
158 silly decomposeActions install bindings@1.2.1
159 silly decomposeActions postinstall bindings@1.2.1
160 silly decomposeActions finalize bindings@1.2.1
161 silly decomposeActions fetch nan@2.4.0
162 silly decomposeActions extract nan@2.4.0
163 silly decomposeActions test nan@2.4.0
164 silly decomposeActions preinstall nan@2.4.0
165 silly decomposeActions build nan@2.4.0
166 silly decomposeActions install nan@2.4.0
167 silly decomposeActions postinstall nan@2.4.0
168 silly decomposeActions finalize nan@2.4.0
169 silly decomposeActions fetch webworker-threads@0.7.8
170 silly decomposeActions extract webworker-threads@0.7.8
171 silly decomposeActions test webworker-threads@0.7.8
172 silly decomposeActions preinstall webworker-threads@0.7.8
173 silly decomposeActions build webworker-threads@0.7.8
174 silly decomposeActions install webworker-threads@0.7.8
175 silly decomposeActions postinstall webworker-threads@0.7.8
176 silly decomposeActions finalize webworker-threads@0.7.8
177 silly executeActions Starting
178 silly install executeActions
179 silly doSerial global-install 0
180 silly doParallel fetch 3
181 verbose correctMkdir C:\Users\bboyj\AppData\Roaming\npm-cache\_locks correctMkdir not in flight; initializing
182 verbose lock using C:\Users\bboyj\AppData\Roaming\npm-cache\_locks\staging-286fc9de875becb8.lock for C:\Users\bboyj\node_modules\.staging
183 silly doParallel extract 3
184 silly extract bindings@1.2.1
185 silly extract nan@2.4.0
186 silly extract webworker-threads@0.7.8
187 verbose unbuild node_modules\.staging\bindings-04216024
188 verbose unbuild node_modules\.staging\nan-e0c1e02b
189 verbose unbuild node_modules\.staging\webworker-threads-ac04f6db
190 silly gentlyRm C:\Users\bboyj\node_modules\.staging\bindings-04216024 is being purged from base C:\Users\bboyj
191 verbose gentlyRm don't care about contents; nuking C:\Users\bboyj\node_modules\.staging\bindings-04216024
192 silly gentlyRm C:\Users\bboyj\node_modules\.staging\nan-e0c1e02b is being purged from base C:\Users\bboyj
193 verbose gentlyRm don't care about contents; nuking C:\Users\bboyj\node_modules\.staging\nan-e0c1e02b
194 verbose tar unpack C:\Users\bboyj\AppData\Roaming\npm-cache\bindings\1.2.1\package.tgz
195 verbose tar unpacking to C:\Users\bboyj\node_modules\.staging\bindings-04216024
196 silly gentlyRm C:\Users\bboyj\node_modules\.staging\bindings-04216024 is being purged
197 verbose gentlyRm don't care about contents; nuking C:\Users\bboyj\node_modules\.staging\bindings-04216024
198 silly gentlyRm C:\Users\bboyj\node_modules\.staging\webworker-threads-ac04f6db is being purged from base C:\Users\bboyj
199 verbose gentlyRm don't care about contents; nuking C:\Users\bboyj\node_modules\.staging\webworker-threads-ac04f6db
200 verbose tar unpack C:\Users\bboyj\AppData\Roaming\npm-cache\nan\2.4.0\package.tgz
201 verbose tar unpacking to C:\Users\bboyj\node_modules\.staging\nan-e0c1e02b
202 silly gentlyRm C:\Users\bboyj\node_modules\.staging\nan-e0c1e02b is being purged
203 verbose gentlyRm don't care about contents; nuking C:\Users\bboyj\node_modules\.staging\nan-e0c1e02b
204 silly gunzTarPerm modes [ '777', '666' ]
205 verbose tar unpack C:\Users\bboyj\AppData\Roaming\npm-cache\webworker-threads\0.7.8\package.tgz
206 verbose tar unpacking to C:\Users\bboyj\node_modules\.staging\webworker-threads-ac04f6db
207 silly gentlyRm C:\Users\bboyj\node_modules\.staging\webworker-threads-ac04f6db is being purged
208 verbose gentlyRm don't care about contents; nuking C:\Users\bboyj\node_modules\.staging\webworker-threads-ac04f6db
209 silly gunzTarPerm modes [ '777', '666' ]
210 silly gunzTarPerm modes [ '777', '666' ]
211 silly gunzTarPerm extractEntry package.json
212 silly gunzTarPerm modified mode [ 'package.json', 420, 438 ]
213 silly gunzTarPerm extractEntry package.json
214 silly gunzTarPerm modified mode [ 'package.json', 436, 438 ]
215 silly gunzTarPerm extractEntry package.json
216 silly gunzTarPerm modified mode [ 'package.json', 436, 438 ]
217 silly gunzTarPerm extractEntry README.md
218 silly gunzTarPerm modified mode [ 'README.md', 420, 438 ]
219 silly gunzTarPerm extractEntry bindings.js
220 silly gunzTarPerm modified mode [ 'bindings.js', 420, 438 ]
221 silly gunzTarPerm extractEntry README.md
222 silly gunzTarPerm modified mode [ 'README.md', 436, 438 ]
223 silly gunzTarPerm extractEntry include_dirs.js
224 silly gunzTarPerm modified mode [ 'include_dirs.js', 436, 438 ]
225 silly gunzTarPerm extractEntry .npmignore
226 silly gunzTarPerm modified mode [ '.npmignore', 420, 438 ]
227 silly gunzTarPerm extractEntry README.md
228 silly gunzTarPerm modified mode [ 'README.md', 436, 438 ]
229 silly gunzTarPerm extractEntry nan_callbacks_pre_12_inl.h
230 silly gunzTarPerm modified mode [ 'nan_callbacks_pre_12_inl.h', 436, 438 ]
231 silly gunzTarPerm extractEntry CHANGELOG.md
232 silly gunzTarPerm modified mode [ 'CHANGELOG.md', 436, 438 ]
233 silly gunzTarPerm extractEntry LICENSE.md
234 silly gunzTarPerm modified mode [ 'LICENSE.md', 436, 438 ]
235 silly gunzTarPerm extractEntry LICENSE
236 silly gunzTarPerm modified mode [ 'LICENSE', 420, 438 ]
237 silly gunzTarPerm extractEntry doc/node_misc.md
238 silly gunzTarPerm modified mode [ 'doc/node_misc.md', 436, 438 ]
239 silly gunzTarPerm extractEntry index.js
240 silly gunzTarPerm modified mode [ 'index.js', 420, 438 ]
241 silly gunzTarPerm extractEntry test.js
242 silly gunzTarPerm modified mode [ 'test.js', 420, 438 ]
243 silly gunzTarPerm extractEntry test-package.js
244 silly gunzTarPerm modified mode [ 'test-package.js', 420, 438 ]
245 silly gunzTarPerm extractEntry TODO.md
246 silly gunzTarPerm modified mode [ 'TODO.md', 420, 438 ]
247 silly gunzTarPerm extractEntry doc/asyncworker.md
248 silly gunzTarPerm modified mode [ 'doc/asyncworker.md', 436, 438 ]
249 silly gunzTarPerm extractEntry doc/callback.md
250 silly gunzTarPerm modified mode [ 'doc/callback.md', 436, 438 ]
251 silly gunzTarPerm extractEntry doc/converters.md
252 silly gunzTarPerm modified mode [ 'doc/converters.md', 436, 438 ]
253 silly gunzTarPerm extractEntry doc/errors.md
254 silly gunzTarPerm modified mode [ 'doc/errors.md', 436, 438 ]
255 silly gunzTarPerm extractEntry benchmark/b00_fibonacci_server_no_threads.js
256 silly gunzTarPerm modified mode [ 'benchmark/b00_fibonacci_server_no_threads.js', 420, 438 ]
257 silly gunzTarPerm extractEntry benchmark/b01_fibonacci_server_threads.js
258 silly gunzTarPerm modified mode [ 'benchmark/b01_fibonacci_server_threads.js', 420, 438 ]
259 silly gentlyRm C:\Users\bboyj\node_modules\.staging\bindings-04216024\node_modules is being purged
260 verbose gentlyRm don't care about contents; nuking C:\Users\bboyj\node_modules\.staging\bindings-04216024\node_modules
261 silly gunzTarPerm extractEntry benchmark/b02_fibonacci_server_threads_pool.js
262 silly gunzTarPerm modified mode [ 'benchmark/b02_fibonacci_server_threads_pool.js', 420, 438 ]
263 silly gunzTarPerm extractEntry benchmark/b03_fibonacci_server_clustered.js
264 silly gunzTarPerm modified mode [ 'benchmark/b03_fibonacci_server_clustered.js', 420, 438 ]
265 silly gunzTarPerm extractEntry doc/maybe_types.md
266 silly gunzTarPerm modified mode [ 'doc/maybe_types.md', 436, 438 ]
267 silly gunzTarPerm extractEntry doc/methods.md
268 silly gunzTarPerm modified mode [ 'doc/methods.md', 436, 438 ]
269 silly gunzTarPerm extractEntry benchmark/b04_only_quick.js
270 silly gunzTarPerm modified mode [ 'benchmark/b04_only_quick.js', 420, 438 ]
271 silly gunzTarPerm extractEntry benchmark/pi.js
272 silly gunzTarPerm modified mode [ 'benchmark/pi.js', 493, 511 ]
273 silly gunzTarPerm extractEntry doc/new.md
274 silly gunzTarPerm modified mode [ 'doc/new.md', 436, 438 ]
275 silly gunzTarPerm extractEntry doc/buffers.md
276 silly gunzTarPerm modified mode [ 'doc/buffers.md', 436, 438 ]
277 silly gunzTarPerm extractEntry benchmark/pi_precompiled.js
278 silly gunzTarPerm modified mode [ 'benchmark/pi_precompiled.js', 420, 438 ]
279 silly gunzTarPerm extractEntry benchmark/doubles.c
280 silly gunzTarPerm modified mode [ 'benchmark/doubles.c', 420, 438 ]
281 silly gunzTarPerm extractEntry doc/object_wrappers.md
282 silly gunzTarPerm modified mode [ 'doc/object_wrappers.md', 436, 438 ]
283 silly gunzTarPerm extractEntry doc/persistent.md
284 silly gunzTarPerm modified mode [ 'doc/persistent.md', 436, 438 ]
285 silly gunzTarPerm extractEntry benchmark/pi.c
286 silly gunzTarPerm modified mode [ 'benchmark/pi.c', 420, 438 ]
287 silly gunzTarPerm extractEntry benchmark/pi.rb
288 silly gunzTarPerm modified mode [ 'benchmark/pi.rb', 493, 511 ]
289 silly gunzTarPerm extractEntry binding.gyp
290 silly gunzTarPerm modified mode [ 'binding.gyp', 436, 438 ]
291 silly gunzTarPerm extractEntry deps/minifier/bin/minify
292 silly gunzTarPerm modified mode [ 'deps/minifier/bin/minify', 493, 511 ]
293 silly gunzTarPerm extractEntry doc/scopes.md
294 silly gunzTarPerm modified mode [ 'doc/scopes.md', 436, 438 ]
295 silly gunzTarPerm extractEntry deps/minifier/src/minify.c
296 silly gunzTarPerm modified mode [ 'deps/minifier/src/minify.c', 420, 438 ]
297 silly gunzTarPerm extractEntry deps/minifier/src/test
298 silly gunzTarPerm modified mode [ 'deps/minifier/src/test', 493, 511 ]
299 silly gunzTarPerm extractEntry doc/script.md
300 silly gunzTarPerm modified mode [ 'doc/script.md', 436, 438 ]
301 silly gunzTarPerm extractEntry doc/string_bytes.md
302 silly gunzTarPerm modified mode [ 'doc/string_bytes.md', 436, 438 ]
303 silly gunzTarPerm extractEntry deps/minifier/src/test.include.c
304 silly gunzTarPerm modified mode [ 'deps/minifier/src/test.include.c', 420, 438 ]
305 silly gunzTarPerm extractEntry deps/minifier/src/test_minifier.c
306 silly gunzTarPerm modified mode [ 'deps/minifier/src/test_minifier.c', 420, 438 ]
307 silly gunzTarPerm extractEntry examples/demo.js
308 silly gunzTarPerm modified mode [ 'examples/demo.js', 420, 438 ]
309 silly gunzTarPerm extractEntry examples/ex03_ping_pong.js
310 silly gunzTarPerm modified mode [ 'examples/ex03_ping_pong.js', 420, 438 ]
311 silly gunzTarPerm extractEntry doc/v8_internals.md
312 silly gunzTarPerm modified mode [ 'doc/v8_internals.md', 436, 438 ]
313 silly gunzTarPerm extractEntry doc/v8_misc.md
314 silly gunzTarPerm modified mode [ 'doc/v8_misc.md', 436, 438 ]
315 silly gunzTarPerm extractEntry examples/quickIntro_multiThread.js
316 silly gunzTarPerm modified mode [ 'examples/quickIntro_multiThread.js', 436, 438 ]
317 silly gunzTarPerm extractEntry examples/ex04_main.js
318 silly gunzTarPerm modified mode [ 'examples/ex04_main.js', 420, 438 ]
319 silly gunzTarPerm extractEntry nan.h
320 silly gunzTarPerm modified mode [ 'nan.h', 436, 438 ]
321 silly gunzTarPerm extractEntry nan_callbacks.h
322 silly gunzTarPerm modified mode [ 'nan_callbacks.h', 436, 438 ]
323 silly gunzTarPerm extractEntry examples/quickIntro_multiThreadEvented.js
324 silly gunzTarPerm modified mode [ 'examples/quickIntro_multiThreadEvented.js', 436, 438 ]
325 silly gunzTarPerm extractEntry examples/ex04_worker.js
326 silly gunzTarPerm modified mode [ 'examples/ex04_worker.js', 420, 438 ]
327 silly gunzTarPerm extractEntry nan_callbacks_12_inl.h
328 silly gunzTarPerm modified mode [ 'nan_callbacks_12_inl.h', 436, 438 ]
329 silly gunzTarPerm extractEntry nan_converters.h
330 silly gunzTarPerm modified mode [ 'nan_converters.h', 436, 438 ]
331 silly gunzTarPerm extractEntry nan_converters_43_inl.h
332 silly gunzTarPerm modified mode [ 'nan_converters_43_inl.h', 436, 438 ]
333 silly gunzTarPerm extractEntry nan_converters_pre_43_inl.h
334 silly gunzTarPerm modified mode [ 'nan_converters_pre_43_inl.h', 436, 438 ]
335 silly gunzTarPerm extractEntry examples/quickIntro_fiveThreads.js
336 silly gunzTarPerm modified mode [ 'examples/quickIntro_fiveThreads.js', 436, 438 ]
337 silly gunzTarPerm extractEntry examples/ex05_pool.js
338 silly gunzTarPerm modified mode [ 'examples/ex05_pool.js', 420, 438 ]
339 silly gunzTarPerm extractEntry nan_implementation_12_inl.h
340 silly gunzTarPerm modified mode [ 'nan_implementation_12_inl.h', 436, 438 ]
341 silly gunzTarPerm extractEntry nan_implementation_pre_12_inl.h
342 silly gunzTarPerm modified mode [ 'nan_implementation_pre_12_inl.h', 436, 438 ]
343 silly gunzTarPerm extractEntry nan_maybe_43_inl.h
344 silly gunzTarPerm modified mode [ 'nan_maybe_43_inl.h', 436, 438 ]
345 silly gunzTarPerm extractEntry nan_maybe_pre_43_inl.h
346 silly gunzTarPerm modified mode [ 'nan_maybe_pre_43_inl.h', 436, 438 ]
347 silly gunzTarPerm extractEntry examples/quickIntro_evented_childThreadCode.js
348 silly gunzTarPerm modified mode [ 'examples/quickIntro_evented_childThreadCode.js', 420, 438 ]
349 silly gunzTarPerm extractEntry examples/ex01_basic.js
350 silly gunzTarPerm modified mode [ 'examples/ex01_basic.js', 420, 438 ]
351 silly gunzTarPerm extractEntry nan_new.h
352 silly gunzTarPerm modified mode [ 'nan_new.h', 436, 438 ]
353 silly gunzTarPerm extractEntry nan_object_wrap.h
354 silly gunzTarPerm modified mode [ 'nan_object_wrap.h', 436, 438 ]
355 silly gunzTarPerm extractEntry examples/ex02_events.js
356 silly gunzTarPerm modified mode [ 'examples/ex02_events.js', 420, 438 ]
357 silly gunzTarPerm extractEntry examples/ex06_jason.js
358 silly gunzTarPerm modified mode [ 'examples/ex06_jason.js', 420, 438 ]
359 silly gunzTarPerm extractEntry nan_persistent_12_inl.h
360 silly gunzTarPerm modified mode [ 'nan_persistent_12_inl.h', 436, 438 ]
361 silly gunzTarPerm extractEntry nan_persistent_pre_12_inl.h
362 silly gunzTarPerm modified mode [ 'nan_persistent_pre_12_inl.h', 436, 438 ]
363 silly gunzTarPerm extractEntry examples/quickIntro_oneThread.js
364 silly gunzTarPerm modified mode [ 'examples/quickIntro_oneThread.js', 436, 438 ]
365 silly gunzTarPerm extractEntry examples/quickIntro_blocking.js
366 silly gunzTarPerm modified mode [ 'examples/quickIntro_blocking.js', 436, 438 ]
367 silly gunzTarPerm extractEntry nan_string_bytes.h
368 silly gunzTarPerm modified mode [ 'nan_string_bytes.h', 436, 438 ]
369 silly gunzTarPerm extractEntry nan_typedarray_contents.h
370 silly gunzTarPerm modified mode [ 'nan_typedarray_contents.h', 436, 438 ]
371 silly gunzTarPerm extractEntry examples/quickIntro_loop.js
372 silly gunzTarPerm modified mode [ 'examples/quickIntro_loop.js', 436, 438 ]
373 silly gunzTarPerm extractEntry examples/quickIntro_oneThreadEvented.js
374 silly gunzTarPerm modified mode [ 'examples/quickIntro_oneThreadEvented.js', 436, 438 ]
375 silly gunzTarPerm extractEntry nan_weak.h
376 silly gunzTarPerm modified mode [ 'nan_weak.h', 436, 438 ]
377 silly gunzTarPerm extractEntry tools/package.json
378 silly gunzTarPerm modified mode [ 'tools/package.json', 436, 438 ]
379 silly gunzTarPerm extractEntry examples/ex06_complex.js
380 silly gunzTarPerm modified mode [ 'examples/ex06_complex.js', 420, 438 ]
381 silly gunzTarPerm extractEntry examples/fiveThreads.ls
382 silly gunzTarPerm modified mode [ 'examples/fiveThreads.ls', 509, 511 ]
383 silly gunzTarPerm extractEntry tools/README.md
384 silly gunzTarPerm modified mode [ 'tools/README.md', 436, 438 ]
385 silly gunzTarPerm extractEntry tools/1to2.js
386 silly gunzTarPerm modified mode [ 'tools/1to2.js', 509, 511 ]
387 silly gunzTarPerm extractEntry examples/multiThreadEvented.ls
388 silly gunzTarPerm modified mode [ 'examples/multiThreadEvented.ls', 509, 511 ]
389 silly gunzTarPerm extractEntry examples/ex06_jason.md
390 silly gunzTarPerm modified mode [ 'examples/ex06_jason.md', 420, 438 ]
391 silly gunzTarPerm extractEntry examples/ex05_pool.md
392 silly gunzTarPerm modified mode [ 'examples/ex05_pool.md', 420, 438 ]
393 silly gunzTarPerm extractEntry examples/ex04_worker.md
394 silly gunzTarPerm modified mode [ 'examples/ex04_worker.md', 420, 438 ]
395 silly gunzTarPerm extractEntry examples/ex04_main.md
396 silly gunzTarPerm modified mode [ 'examples/ex04_main.md', 420, 438 ]
397 silly gunzTarPerm extractEntry examples/ex03_ping_pong.md
398 silly gunzTarPerm modified mode [ 'examples/ex03_ping_pong.md', 420, 438 ]
399 silly gunzTarPerm extractEntry examples/ex02_events.md
400 silly gunzTarPerm modified mode [ 'examples/ex02_events.md', 420, 438 ]
401 silly gunzTarPerm extractEntry examples/ex01_basic.md
402 silly gunzTarPerm modified mode [ 'examples/ex01_basic.md', 420, 438 ]
403 silly gunzTarPerm extractEntry AUTHORS
404 silly gunzTarPerm modified mode [ 'AUTHORS', 420, 438 ]
405 silly gunzTarPerm extractEntry CHANGES.md
406 silly gunzTarPerm modified mode [ 'CHANGES.md', 436, 438 ]
407 silly gunzTarPerm extractEntry .editorconfig
408 silly gunzTarPerm modified mode [ '.editorconfig', 420, 438 ]
409 silly gunzTarPerm extractEntry package.ls
410 silly gunzTarPerm modified mode [ 'package.ls', 509, 511 ]
411 silly gunzTarPerm extractEntry src/load.js
412 silly gunzTarPerm modified mode [ 'src/load.js', 420, 438 ]
413 silly gunzTarPerm extractEntry src/createPool.js
414 silly gunzTarPerm modified mode [ 'src/createPool.js', 420, 438 ]
415 silly gunzTarPerm extractEntry src/events.js
416 silly gunzTarPerm modified mode [ 'src/events.js', 420, 438 ]
417 silly gunzTarPerm extractEntry src/thread_nextTick.js
418 silly gunzTarPerm modified mode [ 'src/thread_nextTick.js', 420, 438 ]
419 silly gunzTarPerm extractEntry src/worker.js
420 silly gunzTarPerm modified mode [ 'src/worker.js', 420, 438 ]
421 silly gunzTarPerm extractEntry src/createPool.js.c
422 silly gunzTarPerm modified mode [ 'src/createPool.js.c', 420, 438 ]
423 silly gunzTarPerm extractEntry src/createPool.ls
424 silly gunzTarPerm modified mode [ 'src/createPool.ls', 420, 438 ]
425 silly gunzTarPerm extractEntry src/bson.cc
426 silly gunzTarPerm modified mode [ 'src/bson.cc', 420, 438 ]
427 silly gunzTarPerm extractEntry src/events.js.c
428 silly gunzTarPerm modified mode [ 'src/events.js.c', 420, 438 ]
429 silly gunzTarPerm extractEntry src/events.ls
430 silly gunzTarPerm modified mode [ 'src/events.ls', 420, 438 ]
431 silly gunzTarPerm extractEntry src/jslib.cc
432 silly gunzTarPerm modified mode [ 'src/jslib.cc', 420, 438 ]
433 silly gunzTarPerm extractEntry src/WebWorkerThreads.cc
434 silly gunzTarPerm modified mode [ 'src/WebWorkerThreads.cc', 436, 438 ]
435 silly gunzTarPerm extractEntry src/load.js.c
436 silly gunzTarPerm modified mode [ 'src/load.js.c', 420, 438 ]
437 silly gunzTarPerm extractEntry src/load.ls
438 silly gunzTarPerm modified mode [ 'src/load.ls', 420, 438 ]
439 silly gunzTarPerm extractEntry src/nan_isolate_data_accessor.h
440 silly gunzTarPerm modified mode [ 'src/nan_isolate_data_accessor.h', 420, 438 ]
441 silly gunzTarPerm extractEntry src/queues_a_gogo.cc
442 silly gunzTarPerm modified mode [ 'src/queues_a_gogo.cc', 420, 438 ]
443 silly gunzTarPerm extractEntry src/bson.h
444 silly gunzTarPerm modified mode [ 'src/bson.h', 420, 438 ]
445 silly gunzTarPerm extractEntry src/thread_nextTick.js.c
446 silly gunzTarPerm modified mode [ 'src/thread_nextTick.js.c', 420, 438 ]
447 silly gunzTarPerm extractEntry src/thread_nextTick.ls
448 silly gunzTarPerm modified mode [ 'src/thread_nextTick.ls', 420, 438 ]
449 silly gunzTarPerm extractEntry src/ArrayBufferAllocator.h
450 silly gunzTarPerm modified mode [ 'src/ArrayBufferAllocator.h', 420, 438 ]
451 silly gunzTarPerm extractEntry src/worker.js.c
452 silly gunzTarPerm modified mode [ 'src/worker.js.c', 420, 438 ]
453 silly gunzTarPerm extractEntry src/worker.ls
454 silly gunzTarPerm modified mode [ 'src/worker.ls', 420, 438 ]
455 silly gunzTarPerm extractEntry test/ab.js
456 silly gunzTarPerm modified mode [ 'test/ab.js', 420, 438 ]
457 silly gunzTarPerm extractEntry test/test11_multi_callbacks.js
458 silly gunzTarPerm modified mode [ 'test/test11_multi_callbacks.js', 420, 438 ]
459 silly gunzTarPerm extractEntry test/test12_precompiled_vs_normal.js
460 silly gunzTarPerm modified mode [ 'test/test12_precompiled_vs_normal.js', 420, 438 ]
461 silly gunzTarPerm extractEntry test/test13_thread_nextTick_speed.js
462 silly gunzTarPerm modified mode [ 'test/test13_thread_nextTick_speed.js', 420, 438 ]
463 silly gunzTarPerm extractEntry test/test10_node_nextTick_speed.js
464 silly gunzTarPerm modified mode [ 'test/test10_node_nextTick_speed.js', 420, 438 ]
465 silly gunzTarPerm extractEntry test/test15_emit_ping_pong.js
466 silly gunzTarPerm modified mode [ 'test/test15_emit_ping_pong.js', 420, 438 ]
467 silly gunzTarPerm extractEntry test/test16_syntax_error_in_the_thread.js
468 silly gunzTarPerm modified mode [ 'test/test16_syntax_error_in_the_thread.js', 420, 438 ]
469 silly gunzTarPerm extractEntry test/test17_pool_pi.js
470 silly gunzTarPerm modified mode [ 'test/test17_pool_pi.js', 420, 438 ]
471 silly gunzTarPerm extractEntry test/test18_pool_any_as_fast_as_possible.js
472 silly gunzTarPerm modified mode [ 'test/test18_pool_any_as_fast_as_possible.js', 420, 438 ]
473 silly gunzTarPerm extractEntry test/test19_pool_emit_any_all.js
474 silly gunzTarPerm modified mode [ 'test/test19_pool_emit_any_all.js', 420, 438 ]
475 silly gunzTarPerm extractEntry test/test09_throw_from_the_callback.js
476 silly gunzTarPerm modified mode [ 'test/test09_throw_from_the_callback.js', 420, 438 ]
477 silly gunzTarPerm extractEntry test/test20_removeAllListeners.js
478 silly gunzTarPerm modified mode [ 'test/test20_removeAllListeners.js', 420, 438 ]
479 silly gunzTarPerm extractEntry test/test08_sigkill_leaks.js
480 silly gunzTarPerm modified mode [ 'test/test08_sigkill_leaks.js', 420, 438 ]
481 silly gunzTarPerm extractEntry test/test21_emit_ping_pong_big_string.js
482 silly gunzTarPerm modified mode [ 'test/test21_emit_ping_pong_big_string.js', 420, 438 ]
483 silly gunzTarPerm extractEntry test/test07_sigkill.js
484 silly gunzTarPerm modified mode [ 'test/test07_sigkill.js', 420, 438 ]
485 silly gunzTarPerm extractEntry test/test22_create_destroy_loop.js
486 silly gunzTarPerm modified mode [ 'test/test22_create_destroy_loop.js', 420, 438 ]
487 silly gunzTarPerm extractEntry test/test06_throw_from_the_thread.js
488 silly gunzTarPerm modified mode [ 'test/test06_throw_from_the_thread.js', 420, 438 ]
489 silly gunzTarPerm extractEntry test/test23_create_destroy_loop.js
490 silly gunzTarPerm modified mode [ 'test/test23_create_destroy_loop.js', 420, 438 ]
491 silly gunzTarPerm extractEntry test/test05_debugLeaksNoCallbacks.js
492 silly gunzTarPerm modified mode [ 'test/test05_debugLeaksNoCallbacks.js', 420, 438 ]
493 silly gunzTarPerm extractEntry test/test24_puts.js
494 silly gunzTarPerm modified mode [ 'test/test24_puts.js', 420, 438 ]
495 silly gunzTarPerm extractEntry test/test04_gc_versus_not_gc.js
496 silly gunzTarPerm modified mode [ 'test/test04_gc_versus_not_gc.js', 420, 438 ]
497 silly gunzTarPerm extractEntry test/test25_delete_puts.js
498 silly gunzTarPerm modified mode [ 'test/test25_delete_puts.js', 420, 438 ]
499 silly gunzTarPerm extractEntry test/test03_infiniteLoopFunction.js
500 silly gunzTarPerm modified mode [ 'test/test03_infiniteLoopFunction.js', 420, 438 ]
501 silly gentlyRm C:\Users\bboyj\node_modules\.staging\nan-e0c1e02b\node_modules is being purged
502 verbose gentlyRm don't care about contents; nuking C:\Users\bboyj\node_modules\.staging\nan-e0c1e02b\node_modules
503 silly gunzTarPerm extractEntry test/test26_puts_with_many_args.js
504 silly gunzTarPerm modified mode [ 'test/test26_puts_with_many_args.js', 420, 438 ]
505 silly gunzTarPerm extractEntry test/test02_loop_as_fast_as_possible.js
506 silly gunzTarPerm modified mode [ 'test/test02_loop_as_fast_as_possible.js', 420, 438 ]
507 silly gunzTarPerm extractEntry test/test27_puts_event_loop.js
508 silly gunzTarPerm modified mode [ 'test/test27_puts_event_loop.js', 420, 438 ]
509 silly gunzTarPerm extractEntry test/test01_loop_as_fast_as_possible.js
510 silly gunzTarPerm modified mode [ 'test/test01_loop_as_fast_as_possible.js', 420, 438 ]
511 silly gunzTarPerm extractEntry test/test28_puts_nextTick_loop.js
512 silly gunzTarPerm modified mode [ 'test/test28_puts_nextTick_loop.js', 420, 438 ]
513 silly gunzTarPerm extractEntry test/test00_run_once_and_destroy.js
514 silly gunzTarPerm modified mode [ 'test/test00_run_once_and_destroy.js', 420, 438 ]
515 silly gunzTarPerm extractEntry test/test29_puts_callback_loop.js
516 silly gunzTarPerm modified mode [ 'test/test29_puts_callback_loop.js', 420, 438 ]
517 silly gunzTarPerm extractEntry test/test14_emit_once.js
518 silly gunzTarPerm modified mode [ 'test/test14_emit_once.js', 420, 438 ]
519 silly gunzTarPerm extractEntry .travis.yml
520 silly gunzTarPerm modified mode [ '.travis.yml', 436, 438 ]
521 silly gunzTarPerm extractEntry test.ls
522 silly gunzTarPerm modified mode [ 'test.ls', 493, 511 ]
523 silly gentlyRm C:\Users\bboyj\node_modules\.staging\webworker-threads-ac04f6db\node_modules is being purged
524 verbose gentlyRm don't care about contents; nuking C:\Users\bboyj\node_modules\.staging\webworker-threads-ac04f6db\node_modules
525 silly doParallel preinstall 3
526 silly preinstall bindings@1.2.1 C:\Users\bboyj\node_modules\.staging\bindings-04216024
527 info lifecycle bindings@1.2.1~preinstall: bindings@1.2.1
528 silly preinstall nan@2.4.0 C:\Users\bboyj\node_modules\.staging\nan-e0c1e02b
529 info lifecycle nan@2.4.0~preinstall: nan@2.4.0
530 silly preinstall webworker-threads@0.7.8 C:\Users\bboyj\node_modules\.staging\webworker-threads-ac04f6db
531 info lifecycle webworker-threads@0.7.8~preinstall: webworker-threads@0.7.8
532 silly lifecycle bindings@1.2.1~preinstall: no script for preinstall, continuing
533 silly lifecycle nan@2.4.0~preinstall: no script for preinstall, continuing
534 silly lifecycle webworker-threads@0.7.8~preinstall: no script for preinstall, continuing
535 silly doReverseSerial remove 0
536 silly doSerial move 0
537 silly doSerial finalize 3
538 silly finalize C:\Users\bboyj\node_modules\bindings
539 silly finalize C:\Users\bboyj\node_modules\nan
540 silly finalize C:\Users\bboyj\node_modules\webworker-threads
541 silly doSerial build 3
542 silly build bindings@1.2.1
543 info linkStuff bindings@1.2.1
544 silly linkStuff bindings@1.2.1 has C:\Users\bboyj\node_modules as its parent node_modules
545 verbose linkBins bindings@1.2.1
546 verbose linkMans bindings@1.2.1
547 silly build nan@2.4.0
548 info linkStuff nan@2.4.0
549 silly linkStuff nan@2.4.0 has C:\Users\bboyj\node_modules as its parent node_modules
550 verbose linkBins nan@2.4.0
551 verbose linkMans nan@2.4.0
552 silly build webworker-threads@0.7.8
553 info linkStuff webworker-threads@0.7.8
554 silly linkStuff webworker-threads@0.7.8 has C:\Users\bboyj\node_modules as its parent node_modules
555 verbose linkBins webworker-threads@0.7.8
556 verbose linkMans webworker-threads@0.7.8
557 silly doSerial global-link 0
558 silly doParallel update-linked 0
559 silly doSerial install 3
560 silly install bindings@1.2.1 C:\Users\bboyj\node_modules\.staging\bindings-04216024
561 info lifecycle bindings@1.2.1~install: bindings@1.2.1
562 silly lifecycle bindings@1.2.1~install: no script for install, continuing
563 silly install nan@2.4.0 C:\Users\bboyj\node_modules\.staging\nan-e0c1e02b
564 info lifecycle nan@2.4.0~install: nan@2.4.0
565 silly lifecycle nan@2.4.0~install: no script for install, continuing
566 silly install webworker-threads@0.7.8 C:\Users\bboyj\node_modules\.staging\webworker-threads-ac04f6db
567 info lifecycle webworker-threads@0.7.8~install: webworker-threads@0.7.8
568 verbose lifecycle webworker-threads@0.7.8~install: unsafe-perm in lifecycle true
569 verbose lifecycle webworker-threads@0.7.8~install: PATH: C:\Program Files\nodejs\node_modules\npm\bin\node-gyp-bin;C:\Users\bboyj\node_modules\webworker-threads\node_modules\.bin;C:\Users\bboyj\node_modules\.bin;C:\Program Files\nodejs;C:\ProgramData\Oracle\Java\javapath;C:\WINDOWS\system32;C:\WINDOWS;C:\WINDOWS\System32\Wbem;C:\WINDOWS\System32\WindowsPowerShell\v1.0\;C:\Program Files\Microsoft\Web Platform Installer\;C:\Program Files\Microsoft SQL Server\120\Tools\Binn\;C:\Program Files\Microsoft SQL Server\110\DTS\Binn\;C:\Program Files\Microsoft SQL Server\120\DTS\Binn\;C:\Program Files\Microsoft SQL Server\130\DTS\Binn\;C:\Program Files\Git\cmd;C:\Program Files\Java\jdk1.8.0_77\bin;C:\antlr\lib\*;lib;C:\Program Files\nodejs\;C:\Program Files\MongoDB\Server\3.2\bin;C:\anaconda3\Library\bin;C:\Program Files\Microsoft SQL Server\Client SDK\ODBC\110\Tools\Binn\;C:\Program Files\Microsoft SQL Server\120\Tools\Binn\ManagementStudio\;C:\Program Files\dotnet\;C:\Users\bboyj\AppData\Local\atom\bin;C:\Users\bboyj\AppData\Roaming\npm;C:\Users\bboyj\AppData\Local\Microsoft\WindowsApps;C:\Program Files\Microsoft VS Code\bin;C:\antlr\lib\*;lib;C:\antlr\bats
570 verbose lifecycle webworker-threads@0.7.8~install: CWD: C:\Users\bboyj\node_modules\webworker-threads
571 silly lifecycle webworker-threads@0.7.8~install: Args: [ '/d /s /c', 'node-gyp rebuild' ]
572 silly lifecycle webworker-threads@0.7.8~install: Returned: code: 1  signal: null
573 info lifecycle webworker-threads@0.7.8~install: Failed to exec install script
574 verbose unlock done using C:\Users\bboyj\AppData\Roaming\npm-cache\_locks\staging-286fc9de875becb8.lock for C:\Users\bboyj\node_modules\.staging
575 silly rollbackFailedOptional Starting
576 silly rollbackFailedOptional Finishing
577 silly runTopLevelLifecycles Starting
578 silly runTopLevelLifecycles Finishing
579 silly install printInstalled
580 warn enoent ENOENT: no such file or directory, open 'C:\Users\bboyj\package.json'
581 warn bboyj No description
582 warn bboyj No repository field.
583 warn bboyj No README data
584 warn bboyj No license field.
585 verbose stack Error: webworker-threads@0.7.8 install: `node-gyp rebuild`
585 verbose stack Exit status 1
585 verbose stack     at EventEmitter.<anonymous> (C:\Program Files\nodejs\node_modules\npm\lib\utils\lifecycle.js:242:16)
585 verbose stack     at emitTwo (events.js:106:13)
585 verbose stack     at EventEmitter.emit (events.js:191:7)
585 verbose stack     at ChildProcess.<anonymous> (C:\Program Files\nodejs\node_modules\npm\lib\utils\spawn.js:40:14)
585 verbose stack     at emitTwo (events.js:106:13)
585 verbose stack     at ChildProcess.emit (events.js:191:7)
585 verbose stack     at maybeClose (internal/child_process.js:852:16)
585 verbose stack     at Process.ChildProcess._handle.onexit (internal/child_process.js:215:5)
586 verbose pkgid webworker-threads@0.7.8
587 verbose cwd C:\Users\bboyj\Desktop\Laberintos\Proyecto-Paradigmas
588 error Windows_NT 10.0.14393
589 error argv "C:\\Program Files\\nodejs\\node.exe" "C:\\Program Files\\nodejs\\node_modules\\npm\\bin\\npm-cli.js" "install" "webworker-threads"
590 error node v6.3.1
591 error npm  v3.10.3
592 error code ELIFECYCLE
593 error webworker-threads@0.7.8 install: `node-gyp rebuild`
593 error Exit status 1
594 error Failed at the webworker-threads@0.7.8 install script 'node-gyp rebuild'.
594 error Make sure you have the latest version of node.js and npm installed.
594 error If you do, this is most likely a problem with the webworker-threads package,
594 error not with npm itself.
594 error Tell the author that this fails on your system:
594 error     node-gyp rebuild
594 error You can get information on how to open an issue for this project with:
594 error     npm bugs webworker-threads
594 error Or if that isn't available, you can get their info via:
594 error     npm owner ls webworker-threads
594 error There is likely additional logging output above.
595 verbose exit [ 1, true ]
